2025-05-15 16:05:36,400 - tests - INFO - Threading: MainThread - plus one (kingsley_xm)
2025-05-15 16:05:36,405 - tests - INFO - Threading: MainThread - plus one (dataslidsoftwares)
2025-05-15 16:05:36,409 - tests - INFO - Threading: MainThread - plus one (dunmininuoluwar)
2025-05-15 16:05:36,412 - tests - INFO - Threading: MainThread - plus one (meemie_lal)
2025-05-15 16:05:36,417 - tests - INFO - Threading: MainThread - plus one (uniongraphic_design)
2025-05-15 16:05:36,422 - tests - INFO - Threading: MainThread - plus one (penguin.8196546)
2025-05-15 16:05:36,430 - tests - INFO - Threading: MainThread - plus one (nworiechinasagrace)
2025-05-15 16:05:36,434 - tests - INFO - Threading: MainThread - plus one (arienzo_studio)
2025-05-15 16:05:36,442 - tests - INFO - Threading: MainThread - plus one (rejoiceaml)
2025-05-15 16:05:36,446 - tests - INFO - Threading: MainThread - plus one (oderapaparazzi)
2025-05-15 16:05:36,450 - tests - INFO - Threading: MainThread - plus one (ayodele_dorcas_19)
2025-05-15 16:05:36,455 - tests - INFO - Threading: MainThread - plus one (eminenceglobalproperties)
2025-05-15 16:05:36,459 - tests - INFO - Threading: MainThread - plus one (michael_eminence)
2025-05-15 16:05:36,464 - tests - INFO - Threading: MainThread - plus one (chicfitness2)
2025-05-15 16:05:36,470 - tests - INFO - Threading: MainThread - plus one (spotglowdesign)
2025-05-15 16:05:36,475 - tests - INFO - Threading: MainThread - plus one (aritradassharma)
2025-05-15 16:05:36,479 - tests - INFO - Threading: MainThread - plus one (gbondo.francis)
2025-05-15 16:05:36,483 - tests - INFO - Threading: MainThread - plus one (inkblend_branding)
2025-05-15 16:05:36,486 - tests - INFO - Threading: MainThread - plus one (reemawadh9)
2025-05-15 16:05:36,490 - tests - INFO - Threading: MainThread - plus one (de_nobletech)
2025-05-15 16:05:36,495 - tests - INFO - Threading: MainThread - plus one (cute_siju05)
2025-05-15 16:05:36,499 - tests - INFO - Threading: MainThread - plus one (bamigbolaololade)
2025-05-15 16:05:36,503 - tests - INFO - Threading: MainThread - plus one (da_cyberkit)
2025-05-15 16:05:36,507 - tests - INFO - Threading: MainThread - plus one (unknown_pearll)
2025-05-15 16:05:36,515 - tests - INFO - Threading: MainThread - plus one (king___ahmadii)
2025-05-15 16:05:36,523 - tests - INFO - Threading: MainThread - plus one (mickygrafix_design)
2025-05-15 16:05:36,527 - tests - INFO - Threading: MainThread - plus one (mybrandpadi)
2025-05-15 16:05:36,535 - tests - INFO - Threading: MainThread - plus one (hes.boy_styles)
2025-05-15 16:05:36,540 - tests - INFO - Threading: MainThread - plus one (_adegraphics)
2025-05-15 16:05:36,546 - tests - INFO - Threading: MainThread - plus one (__iamdavekeys)
2025-05-15 16:05:36,554 - tests - INFO - Threading: MainThread - plus one (audububa_)
2025-05-15 16:05:36,558 - tests - INFO - Threading: MainThread - plus one (igbkblack)
2025-05-15 16:05:36,563 - tests - INFO - Threading: MainThread - plus one (traci_e_alcide)
2025-05-15 16:05:36,567 - tests - INFO - Threading: MainThread - plus one (auta_graphix)
2025-05-15 16:05:36,577 - tests - INFO - Threading: MainThread - plus one (paritie_studios)
2025-05-15 16:05:36,588 - tests - INFO - Threading: MainThread - plus one (alobam_graphics001)
2025-05-15 16:05:36,594 - tests - INFO - Threading: MainThread - plus one (peterbamigbola)
2025-05-15 16:05:36,600 - tests - INFO - Threading: MainThread - plus one (wumxy_luxe)
2025-05-15 16:05:36,605 - tests - INFO - Threading: MainThread - plus one (tasia_confentionaries)
2025-05-15 16:05:36,609 - tests - INFO - Threading: MainThread - plus one (2.folks)
2025-05-15 16:05:36,613 - tests - INFO - Threading: MainThread - plus one (mira_essentials_store)
2025-05-15 16:05:36,616 - tests - INFO - Threading: MainThread - plus one (daybreakstudios__)
2025-05-15 16:05:36,620 - tests - INFO - Threading: MainThread - plus one (ab_d3signs)
2025-05-15 16:05:36,624 - tests - INFO - Threading: MainThread - plus one (greengoddessshare)
2025-05-15 16:05:36,629 - tests - INFO - Threading: MainThread - plus one (brainofcoco)
2025-05-15 16:05:36,635 - tests - INFO - Threading: MainThread - plus one (nylahq__sofiar)
2025-05-15 16:05:36,640 - tests - INFO - Threading: MainThread - plus one (natesam_lenz)
2025-05-15 16:05:36,645 - tests - INFO - Threading: MainThread - plus one (mirmehdi.seyidzada)
2025-05-15 16:05:36,650 - tests - INFO - Threading: MainThread - plus one (i_davegraphics)
2025-05-15 16:05:36,659 - tests - INFO - Threading: MainThread - plus one (iysahyusuf)
2025-05-15 16:05:36,665 - tests - INFO - Threading: MainThread - plus one (_kreative_ad)
2025-05-15 16:05:36,671 - tests - INFO - Threading: MainThread - plus one (tobyisagem)
2025-05-15 16:05:36,677 - tests - INFO - Threading: MainThread - plus one (joel.caleb.750)
2025-05-15 16:05:36,684 - tests - INFO - Threading: MainThread - plus one (perscl_branding)
2025-05-15 16:05:36,690 - tests - INFO - Threading: MainThread - plus one (eriol.uwa1)
2025-05-15 16:05:36,696 - tests - INFO - Threading: MainThread - plus one (iiigwe.gram)
2025-05-15 16:05:36,707 - tests - INFO - Threading: MainThread - plus one (mhzogeh)
2025-05-15 16:05:36,713 - tests - INFO - Threading: MainThread - plus one (9865micheal)
2025-05-15 16:05:36,720 - tests - INFO - Threading: MainThread - plus one (bukacollins247)
2025-05-15 16:05:36,727 - tests - INFO - Threading: MainThread - plus one (mamman_lafiya)
2025-05-15 16:05:36,733 - tests - INFO - Threading: MainThread - plus one (zimspin_animations_official)
2025-05-15 16:05:36,739 - tests - INFO - Threading: MainThread - plus one (zvikothedesigner)
2025-05-15 16:05:36,746 - tests - INFO - Threading: MainThread - plus one (essaitch_production)
2025-05-15 16:05:36,753 - tests - INFO - Threading: MainThread - plus one (adeola_adepoju_a5_hair)
2025-05-15 16:05:36,760 - tests - INFO - Threading: MainThread - plus one (opeyemiblessing41)
2025-05-15 16:05:36,766 - tests - INFO - Threading: MainThread - plus one (uniongraphicdesign)
2025-05-15 16:05:36,772 - tests - INFO - Threading: MainThread - plus one (sahnahfee)
2025-05-15 16:05:36,776 - tests - INFO - Threading: MainThread - plus one (chrisolyite)
2025-05-15 16:05:36,780 - tests - INFO - Threading: MainThread - plus one (instag5987)
2025-05-15 16:05:36,787 - tests - INFO - Threading: MainThread - plus one (dhil.lon2702)
2025-05-15 16:05:36,792 - tests - INFO - Threading: MainThread - plus one (elle.n3107)
2025-05-15 16:05:36,798 - tests - INFO - Threading: MainThread - plus one (rajkot.no.king.302)
2025-05-15 16:05:36,802 - tests - INFO - Threading: MainThread - plus one (tonn.y6300)
2025-05-15 16:05:36,806 - tests - INFO - Threading: MainThread - plus one (mamuni2248)
2025-05-15 16:05:36,812 - tests - INFO - Threading: MainThread - plus one (fernando__4089)
2025-05-15 16:05:36,816 - tests - INFO - Threading: MainThread - plus one (raymondgloden)
2025-05-15 16:05:36,819 - tests - INFO - Threading: MainThread - plus one (happyk498)
2025-05-15 16:05:36,824 - tests - INFO - Threading: MainThread - plus one (deepa26770)
2025-05-15 16:05:36,829 - tests - INFO - Threading: MainThread - plus one (shayang26)
2025-05-15 16:05:36,835 - tests - INFO - Threading: MainThread - plus one (wwe123896)
2025-05-15 16:05:36,841 - tests - INFO - Threading: MainThread - plus one (neew641)
2025-05-15 16:05:36,848 - tests - INFO - Threading: MainThread - plus one (topalal14)
2025-05-15 16:05:36,854 - tests - INFO - Threading: MainThread - plus one (vikas.h8393)
2025-05-15 16:05:36,860 - tests - INFO - Threading: MainThread - plus one (rahu.l15570)
2025-05-15 16:05:36,867 - tests - INFO - Threading: MainThread - plus one (zari.na9722)
2025-05-15 16:05:36,872 - tests - INFO - Threading: MainThread - plus one (romu1_122)
2025-05-15 16:05:36,879 - tests - INFO - Threading: MainThread - plus one (numakhan23)
2025-05-15 16:05:36,885 - tests - INFO - Threading: MainThread - plus one (kulla5717)
2025-05-15 16:05:36,892 - tests - INFO - Threading: MainThread - plus one (no.ni9716)
2025-05-15 16:05:36,898 - tests - INFO - Threading: MainThread - plus one (tannahillkaye)
2025-05-15 16:05:36,904 - tests - INFO - Threading: MainThread - plus one (bgmi4449)
2025-05-15 16:05:36,909 - tests - INFO - Threading: MainThread - plus one (kimkardashin10)
2025-05-15 16:05:36,914 - tests - INFO - Threading: MainThread - plus one (yasmina_113389)
2025-05-15 16:05:36,921 - tests - INFO - Threading: MainThread - plus one (om_nandekar22)
2025-05-15 16:05:36,925 - tests - INFO - Threading: MainThread - plus one (myrtalekwa)
2025-05-15 16:05:36,930 - tests - INFO - Threading: MainThread - plus one (dev_patel_780)
2025-05-15 16:05:36,940 - tests - INFO - Threading: MainThread - plus one (shoyab44125)
2025-05-15 16:05:36,944 - tests - INFO - Threading: MainThread - plus one (pereirabeatrizjesus)
2025-05-15 16:05:36,947 - tests - INFO - Threading: MainThread - plus one (terresacudworth1993421)
2025-05-15 16:05:36,951 - tests - INFO - Threading: MainThread - plus one (turgut.34.63)
2025-05-15 16:05:36,955 - tests - INFO - Threading: MainThread - plus one (hina.ta6784)
2025-05-15 16:05:36,959 - tests - INFO - Threading: MainThread - plus one (asif129429)
2025-05-15 16:05:36,962 - tests - INFO - Threading: MainThread - plus one (junedkhan70780)
2025-05-15 16:05:36,965 - tests - INFO - Threading: MainThread - plus one (nahid__mansuri__420)
2025-05-15 16:05:36,974 - tests - INFO - Threading: MainThread - plus one (bablu_ozzam)
2025-05-15 16:05:36,978 - tests - INFO - Threading: MainThread - plus one (_bilal_10_10_)
2025-05-15 16:05:36,982 - tests - INFO - Threading: MainThread - plus one (6628.abhi)
2025-05-15 16:05:36,985 - tests - INFO - Threading: MainThread - plus one (faraz_ahmad2471)
2025-05-15 16:05:36,989 - tests - INFO - Threading: MainThread - plus one (manisha15499)
2025-05-15 16:05:36,993 - tests - INFO - Threading: MainThread - plus one (jujuba21423)
2025-05-15 16:05:36,997 - tests - INFO - Threading: MainThread - plus one (muhammed76523)
2025-05-15 16:05:37,001 - tests - INFO - Threading: MainThread - plus one (chint_u3777)
2025-05-15 16:05:37,005 - tests - INFO - Threading: MainThread - plus one (carranmoallankamp)
2025-05-15 16:05:37,009 - tests - INFO - Threading: MainThread - plus one (suru._123)
2025-05-15 16:05:37,014 - tests - INFO - Threading: MainThread - plus one (amlak1573306)
2025-05-15 16:05:37,018 - tests - INFO - Threading: MainThread - plus one (akias__)
2025-05-15 16:05:37,024 - tests - INFO - Threading: MainThread - plus one (arey5622)
2025-05-15 16:05:37,029 - tests - INFO - Threading: MainThread - plus one (shak.ti8102)
2025-05-15 16:05:37,034 - tests - INFO - Threading: MainThread - plus one (nicodemushackett)
2025-05-15 16:05:37,038 - tests - INFO - Threading: MainThread - plus one (kiltzannamae)
2025-05-15 16:05:37,049 - tests - INFO - Threading: MainThread - plus one (gujj_ar5819)
2025-05-15 16:05:37,054 - tests - INFO - Threading: MainThread - plus one (yapr.ak4934)
2025-05-15 16:05:37,061 - tests - INFO - Threading: MainThread - plus one (riyaz147550)
2025-05-15 16:05:37,067 - tests - INFO - Threading: MainThread - plus one (thyr_123)
2025-05-15 16:05:37,073 - tests - INFO - Threading: MainThread - plus one (mrmanoj331)
2025-05-15 16:05:37,078 - tests - INFO - Threading: MainThread - plus one (marybellegroner)
2025-05-15 16:05:37,086 - tests - INFO - Threading: MainThread - plus one (ludowoodworth)
2025-05-15 16:05:37,092 - tests - INFO - Threading: MainThread - plus one (dawsonmcclurken1996644)
2025-05-15 16:05:37,097 - tests - INFO - Threading: MainThread - plus one (farleymasom)
2025-05-15 16:05:37,103 - tests - INFO - Threading: MainThread - plus one (akai6412)
2025-05-15 16:05:37,108 - tests - INFO - Threading: MainThread - plus one (belal123573)
2025-05-15 16:05:37,114 - tests - INFO - Threading: MainThread - plus one (ravi2021531)
2025-05-15 16:05:37,119 - tests - INFO - Threading: MainThread - plus one (zeyn.ab2529)
2025-05-15 16:05:37,123 - tests - INFO - Threading: MainThread - plus one (anuks.ha22)
2025-05-15 16:05:37,128 - tests - INFO - Threading: MainThread - plus one (nbkhan280)
2025-05-15 16:05:37,134 - tests - INFO - Threading: MainThread - plus one (aslononfarkhod)
2025-05-15 16:05:37,137 - tests - INFO - Threading: MainThread - plus one (halleyzeldin)
2025-05-15 16:05:37,141 - tests - INFO - Threading: MainThread - plus one (arielleashburn20007)
2025-05-15 16:05:37,145 - tests - INFO - Threading: MainThread - plus one (raj126813)
2025-05-15 16:05:37,149 - tests - INFO - Threading: MainThread - plus one (shahi_d1583)
2025-05-15 16:05:37,154 - tests - INFO - Threading: MainThread - plus one (mehdy_______12)
2025-05-15 16:05:37,157 - tests - INFO - Threading: MainThread - plus one (deep.singh4140)
2025-05-15 16:05:37,161 - tests - INFO - Threading: MainThread - plus one (mateus__20211)
2025-05-15 16:05:37,166 - tests - INFO - Threading: MainThread - plus one (aashi_sh647)
2025-05-15 16:05:37,169 - tests - INFO - Threading: MainThread - plus one (ezekielolayinka4)
2025-05-15 16:05:37,174 - tests - INFO - Threading: MainThread - plus one (pillar.socialmedia)
2025-05-15 16:05:37,180 - tests - INFO - Threading: MainThread - plus one (bemsluxury)
2025-05-15 16:05:37,185 - tests - INFO - Threading: MainThread - plus one (alobam_graphics)
2025-05-15 16:05:37,190 - tests - INFO - Threading: MainThread - plus one (oluwadarasimi_anike)
2025-05-15 16:05:37,196 - tests - INFO - Threading: MainThread - plus one (orazulikechinemerem99)
2025-05-15 16:05:37,200 - tests - INFO - Threading: MainThread - plus one (classic_crownn)
2025-05-15 16:05:37,205 - tests - INFO - Threading: MainThread - plus one (phancy43)
2025-05-15 16:05:37,214 - tests - INFO - Threading: MainThread - plus one (macdripper11)
2025-05-15 16:05:37,219 - tests - INFO - Threading: MainThread - plus one (lion_boss_one)
2025-05-15 16:05:37,224 - tests - INFO - Threading: MainThread - plus one (abbas_giwa)
2025-05-15 16:05:37,230 - tests - INFO - Threading: MainThread - plus one (engrolorunkiya)
2025-05-15 16:05:37,235 - tests - INFO - Threading: MainThread - plus one (joshconceptss)
2025-05-15 16:05:37,242 - tests - INFO - Threading: MainThread - plus one (kingzegs1)
2025-05-15 16:05:37,247 - tests - INFO - Threading: MainThread - plus one (i.am_oluwatunmise)
2025-05-15 16:05:37,258 - tests - INFO - Threading: MainThread - plus one (itzsolex_official)
2025-05-15 16:05:37,264 - tests - INFO - Threading: MainThread - plus one (kharashi001)
2025-05-15 16:05:37,271 - tests - INFO - Threading: MainThread - plus one (cbody25)
2025-05-15 16:05:37,277 - tests - INFO - Threading: MainThread - plus one (jojogiftcard)
2025-05-15 16:05:37,284 - tests - INFO - Threading: MainThread - plus one (muyyokcollection)
2025-05-15 16:05:37,290 - tests - INFO - Threading: MainThread - plus one (oluwa_snugzygram)
2025-05-15 16:05:37,293 - tests - INFO - Threading: MainThread - plus one (diatops)
2025-05-15 16:05:37,303 - tests - INFO - Threading: MainThread - plus one (awoniyiitunuoluwaolarinre)
2025-05-15 16:05:37,306 - tests - INFO - Threading: MainThread - plus one (judeanuoluwa)
2025-05-15 16:05:37,311 - tests - INFO - Threading: MainThread - plus one (ahmed_kudu)
2025-05-15 16:05:37,314 - tests - INFO - Threading: MainThread - plus one (ayodaras_collection)
2025-05-15 16:05:37,319 - tests - INFO - Threading: MainThread - plus one (h_h_faisal45)
2025-05-15 16:05:37,324 - tests - INFO - Threading: MainThread - plus one (becca_natt)
2025-05-15 16:05:37,328 - tests - INFO - Threading: MainThread - plus one (_petermahn)
2025-05-15 16:05:37,337 - tests - INFO - Threading: MainThread - plus one (thomasthomsonola)
2025-05-15 16:05:37,341 - tests - INFO - Threading: MainThread - plus one (sundayarumemi)
2025-05-15 16:05:37,345 - tests - INFO - Threading: MainThread - plus one (alogin_alog)
2025-05-15 16:05:37,350 - tests - INFO - Threading: MainThread - plus one (fridayjames29)
2025-05-15 16:05:37,361 - tests - INFO - Threading: MainThread - plus one (folusoakanni)
2025-05-15 16:05:37,367 - tests - INFO - Threading: MainThread - plus one (joshua.adigun.5648)
2025-05-15 16:05:37,373 - tests - INFO - Threading: MainThread - plus one (mhiz_seunfunmi)
2025-05-15 16:05:37,377 - tests - INFO - Threading: MainThread - plus one (mhiztertaiwo)
2025-05-15 16:05:37,381 - tests - INFO - Threading: MainThread - plus one (toptalentig)
2025-05-15 16:05:37,385 - tests - INFO - Threading: MainThread - plus one (esumichael.me)
2025-05-15 16:05:37,388 - tests - INFO - Threading: MainThread - plus one (sugar_dadddy_austin_)
2025-05-15 16:05:37,397 - tests - INFO - Threading: MainThread - plus one (funmi_herbal__1)
2025-05-15 16:05:37,404 - tests - INFO - Threading: MainThread - plus one (prozkid_olawale)
2025-05-15 16:05:37,409 - tests - INFO - Threading: MainThread - plus one (bet9ja_agency)
2025-05-15 16:05:37,415 - tests - INFO - Threading: MainThread - plus one (alhji__karkodi_invest)
2025-05-15 16:05:37,420 - tests - INFO - Threading: MainThread - plus one (official_temidee)
2025-05-15 16:05:37,425 - tests - INFO - Threading: MainThread - plus one (lekt.ua)
2025-05-15 16:05:37,432 - tests - INFO - Threading: MainThread - plus one (ifeanyi_tyx)
2025-05-15 16:05:37,437 - tests - INFO - Threading: MainThread - plus one (calebjoel8)
2025-05-15 16:05:37,442 - tests - INFO - Threading: MainThread - plus one (eogungbile)
2025-05-15 16:05:37,445 - tests - INFO - Threading: MainThread - plus one (___sadeeya_mahad_)
2025-05-15 16:05:37,449 - tests - INFO - Threading: MainThread - plus one (oluseyeoke_)
2025-05-15 16:05:37,453 - tests - INFO - Threading: MainThread - plus one (daddy___03)
2025-05-15 16:05:37,457 - tests - INFO - Threading: MainThread - plus one (futmxfaces)
2025-05-15 16:05:37,461 - tests - INFO - Threading: MainThread - plus one (zephaniahgift)
2025-05-15 16:05:37,465 - tests - INFO - Threading: MainThread - plus one (kim_smith431)
2025-05-15 16:05:37,470 - tests - INFO - Threading: MainThread - plus one (funky_dupsy)
2025-05-15 16:05:37,475 - tests - INFO - Threading: MainThread - plus one (damiherz_112)
2025-05-15 16:05:37,480 - tests - INFO - Threading: MainThread - plus one (omoteyefavour)
2025-05-15 16:05:37,485 - tests - INFO - Threading: MainThread - plus one (bluetooth_logistic_and_haulage)
2025-05-15 16:05:37,496 - tests - INFO - Threading: MainThread - plus one (spatulaplace)
2025-05-15 16:05:37,501 - tests - INFO - Threading: MainThread - plus one (photoshop_clean)
2025-05-15 16:05:37,506 - tests - INFO - Threading: MainThread - plus one (promiseoladimeji5)
2025-05-15 16:05:37,511 - tests - INFO - Threading: MainThread - plus one (itzprincegoldharlao)
2025-05-15 16:05:37,516 - tests - INFO - Threading: MainThread - plus one (marvelboimarvelboi)
2025-05-15 16:05:37,522 - tests - INFO - Threading: MainThread - plus one (habeebllahialistijabah)
2025-05-15 16:05:37,528 - tests - INFO - Threading: MainThread - plus one (haryourbarmi_oladayo)
2025-05-15 16:05:37,534 - tests - INFO - Threading: MainThread - plus one (umaru988)
2025-05-15 16:05:37,540 - tests - INFO - Threading: MainThread - plus one (ezekiel.akanbi)
2025-05-15 16:05:37,546 - tests - INFO - Threading: MainThread - plus one (atoyebi.segun.750)
2025-05-15 16:05:37,552 - tests - INFO - Threading: MainThread - plus one (greatmind_j)
2025-05-15 16:05:37,558 - tests - INFO - Threading: MainThread - plus one (chairman_.donald980)
2025-05-15 16:05:37,563 - tests - INFO - Threading: MainThread - plus one (yungsufficiency)
2025-05-15 16:05:37,569 - tests - INFO - Threading: MainThread - plus one (adebanjo837)
2025-05-15 16:05:37,575 - tests - INFO - Threading: MainThread - plus one (omojostephen)
2025-05-15 16:05:37,581 - tests - INFO - Threading: MainThread - plus one (vicmills_)
2025-05-15 16:05:37,586 - tests - INFO - Threading: MainThread - plus one (oyediji_sogo)
2025-05-15 16:05:37,592 - tests - INFO - Threading: MainThread - plus one (ad.ele551)
2025-05-15 16:05:37,598 - tests - INFO - Threading: MainThread - plus one (king_rajah_official)
2025-05-15 16:05:37,603 - tests - INFO - Threading: MainThread - plus one (adeniyi9504)
2025-05-15 16:05:37,609 - tests - INFO - Threading: MainThread - plus one (darazime_292)
2025-05-15 16:05:37,614 - tests - INFO - Threading: MainThread - plus one (adeyemimecry)
2025-05-15 16:05:37,620 - tests - INFO - Threading: MainThread - plus one (don_dindu)
2025-05-15 16:05:37,626 - tests - INFO - Threading: MainThread - plus one (raymond_ability)
2025-05-15 16:05:37,631 - tests - INFO - Threading: MainThread - plus one (justinmaster1)
2025-05-15 16:05:37,635 - tests - INFO - Threading: MainThread - plus one (mmjmakkeys_interiors)
2025-05-15 16:05:37,641 - tests - INFO - Threading: MainThread - plus one (caninasfabrics)
2025-05-15 16:05:37,647 - tests - INFO - Threading: MainThread - plus one (skyjmuzic)
2025-05-15 16:05:37,653 - tests - INFO - Threading: MainThread - plus one (tripple.aphotos)
2025-05-15 16:05:37,659 - tests - INFO - Threading: MainThread - plus one (__nocap98)
2025-05-15 16:05:37,666 - tests - INFO - Threading: MainThread - plus one (thesuperlily)
2025-05-15 16:05:37,672 - tests - INFO - Threading: MainThread - plus one (ibr_magnet23)
2025-05-15 16:05:37,678 - tests - INFO - Threading: MainThread - plus one (iamphyctor)
2025-05-15 16:05:37,684 - tests - INFO - Threading: MainThread - plus one (mjj_event_management)
2025-05-15 16:05:37,691 - tests - INFO - Threading: MainThread - plus one (mubby_omoalhaji)
2025-05-15 16:05:37,697 - tests - INFO - Threading: MainThread - plus one (olabisimichaelajagbe2)
2025-05-15 16:05:37,704 - tests - INFO - Threading: MainThread - plus one (atanda.joseph)
2025-05-15 16:05:37,711 - tests - INFO - Threading: MainThread - plus one (blackboy_gram.ng)
2025-05-15 16:05:37,722 - tests - INFO - Threading: MainThread - plus one (samuel.oladeji.355)
2025-05-15 16:05:37,727 - tests - INFO - Threading: MainThread - plus one (rachaeloluwasemilo)
2025-05-15 16:05:37,730 - tests - INFO - Threading: MainThread - plus one (rejoice_jesus_baby)
2025-05-15 16:05:37,734 - tests - INFO - Threading: MainThread - plus one (areo.sunday.146)
2025-05-15 16:05:37,743 - tests - INFO - Threading: MainThread - plus one (muyyok)
2025-05-15 16:05:37,752 - tests - INFO - Threading: MainThread - plus one (martins_adegbite)
2025-05-15 16:05:37,760 - tests - INFO - Threading: MainThread - plus one (promisehalexx)
2025-05-15 16:05:37,764 - tests - INFO - Threading: MainThread - plus one (pauloyelabi)
2025-05-15 16:05:37,771 - tests - INFO - Threading: MainThread - plus one (adeshinataiwoisaac)
2025-05-15 16:05:37,777 - tests - INFO - Threading: MainThread - plus one (irdammy)
2025-05-15 16:05:37,783 - tests - INFO - Threading: MainThread - plus one (official_alaanu01)
2025-05-15 16:05:37,790 - tests - INFO - Threading: MainThread - plus one (chriofashionhub)
2025-05-15 16:05:37,796 - tests - INFO - Threading: MainThread - plus one (giftolaniyan)
2025-05-15 16:05:37,802 - tests - INFO - Threading: MainThread - plus one (iam_leckzie01)
2025-05-15 16:05:37,806 - tests - INFO - Threading: MainThread - plus one (crediblefixedmat_ches)
2025-05-15 16:05:37,810 - tests - INFO - Threading: MainThread - plus one (ugwu.susan)
2025-05-15 16:05:37,816 - tests - INFO - Threading: MainThread - plus one (akanniolayemi5158)
2025-05-15 16:05:37,819 - tests - INFO - Threading: MainThread - plus one (oladejo.damola)
2025-05-15 16:05:37,823 - tests - INFO - Threading: MainThread - plus one (nefariya_)
2025-05-15 16:05:37,828 - tests - INFO - Threading: MainThread - plus one (corrects4281)
2025-05-15 16:05:37,833 - tests - INFO - Threading: MainThread - plus one (homotennyholarh)
2025-05-15 16:05:37,839 - tests - INFO - Threading: MainThread - plus one (badmus4333)
2025-05-15 16:05:37,845 - tests - INFO - Threading: MainThread - plus one (adigun_tumininu)
2025-05-15 16:05:37,849 - tests - INFO - Threading: MainThread - plus one (joe_el_embroiedry_fashion)
2025-05-15 16:05:37,853 - tests - INFO - Threading: MainThread - plus one (ayodeji_0001)
2025-05-15 16:05:37,859 - tests - INFO - Threading: MainThread - plus one (flexyz_fans)
2025-05-15 16:05:37,865 - tests - INFO - Threading: MainThread - plus one (empressvik99)
2025-05-15 16:05:37,871 - tests - INFO - Threading: MainThread - plus one (itz_dj_shalixx_)
2025-05-15 16:05:37,878 - tests - INFO - Threading: MainThread - plus one (signature_world)
2025-05-15 16:05:37,884 - tests - INFO - Threading: MainThread - plus one (official_jefmweds)
2025-05-15 16:05:37,889 - tests - INFO - Threading: MainThread - plus one (braihmo)
2025-05-15 16:05:37,895 - tests - INFO - Threading: MainThread - plus one (wandephillip)
2025-05-15 16:05:37,902 - tests - INFO - Threading: MainThread - plus one (mcgbemzy)
2025-05-15 16:05:37,909 - tests - INFO - Threading: MainThread - plus one (racheal.ogundipe)
2025-05-15 16:05:37,916 - tests - INFO - Threading: MainThread - plus one (oluwadarasimi2025)
2025-05-15 16:05:37,922 - tests - INFO - Threading: MainThread - plus one (muchyetty01)
2025-05-15 16:05:37,929 - tests - INFO - Threading: MainThread - plus one (omodasolataiwo)
2025-05-15 16:05:37,934 - tests - INFO - Threading: MainThread - plus one (kennyg_art_collections)
2025-05-15 16:05:37,939 - tests - INFO - Threading: MainThread - plus one (ayooluwa_dorcas)
2025-05-15 16:05:37,944 - tests - INFO - Threading: MainThread - plus one (ore_ayodeji)
2025-05-15 16:05:37,950 - tests - INFO - Threading: MainThread - plus one (holu_tayour7283)
2025-05-15 16:05:37,955 - tests - INFO - Threading: MainThread - plus one (elsarahmah927)
